<?xml version="1.0" encoding="UTF-8"?>
<!-- Generated by org.testng.reporters.JUnitReportReporter -->
<testsuite skipped="0" hostname="RamWorld" name="demo.practice.HeadlessChrome" tests="1" failures="0" timestamp="2022-05-04T19:30:25 IST" time="14.491" errors="0">
  <testcase name="test1" time="14.491" classname="demo.practice.HeadlessChrome"/>
  <system-out/>
</testsuite> <!-- demo.practice.HeadlessChrome -->
